[2026-01-31T11:30:32.088+0000] {taskinstance.py:1956} INFO - Dependencies all met for dep_context=non-requeueable deps ti=<TaskInstance: weather_raw_ingestion.fetch_weather_data manual__2026-01-31T11:30:31.250085+00:00 [queued]>
[2026-01-31T11:30:32.099+0000] {taskinstance.py:1956} INFO - Dependencies all met for dep_context=requeueable deps ti=<TaskInstance: weather_raw_ingestion.fetch_weather_data manual__2026-01-31T11:30:31.250085+00:00 [queued]>
[2026-01-31T11:30:32.099+0000] {taskinstance.py:2170} INFO - Starting attempt 1 of 1
[2026-01-31T11:30:32.113+0000] {taskinstance.py:2191} INFO - Executing <Task(PythonOperator): fetch_weather_data> on 2026-01-31 11:30:31.250085+00:00
[2026-01-31T11:30:32.118+0000] {standard_task_runner.py:60} INFO - Started process 178 to run task
[2026-01-31T11:30:32.120+0000] {standard_task_runner.py:87} INFO - Running: ['***', 'tasks', 'run', 'weather_raw_ingestion', 'fetch_weather_data', 'manual__2026-01-31T11:30:31.250085+00:00', '--job-id', '17', '--raw', '--subdir', 'DAGS_FOLDER/weather_ingestion_dag.py', '--cfg-path', '/tmp/tmprjryh_2o']
[2026-01-31T11:30:32.121+0000] {standard_task_runner.py:88} INFO - Job 17: Subtask fetch_weather_data
[2026-01-31T11:30:32.180+0000] {task_command.py:423} INFO - Running <TaskInstance: weather_raw_ingestion.fetch_weather_data manual__2026-01-31T11:30:31.250085+00:00 [running]> on host 550c55f26496
[2026-01-31T11:30:32.284+0000] {taskinstance.py:2480} INFO - Exporting env vars: AIRFLOW_CTX_DAG_OWNER='***' AIRFLOW_CTX_DAG_ID='weather_raw_ingestion' AIRFLOW_CTX_TASK_ID='fetch_weather_data' AIRFLOW_CTX_EXECUTION_DATE='2026-01-31T11:30:31.250085+00:00' AIRFLOW_CTX_TRY_NUMBER='1' AIRFLOW_CTX_DAG_RUN_ID='manual__2026-01-31T11:30:31.250085+00:00'
[2026-01-31T11:30:32.625+0000] {taskinstance.py:2698} ERROR - Task failed with exception
Traceback (most recent call last):
  File "/usr/local/lib/python3.8/pathlib.py", line 1288, in mkdir
    self._accessor.mkdir(self, mode)
FileNotFoundError: [Errno 2] No such file or directory: "/opt/airflow/data_lake/raw/weather/dt=('2026-01-31',)"

During handling of the above exception, another exception occurred:

Traceback (most recent call last):
  File "/home/airflow/.local/lib/python3.8/site-packages/airflow/models/taskinstance.py", line 433, in _execute_task
    result = execute_callable(context=context, **execute_callable_kwargs)
  File "/home/airflow/.local/lib/python3.8/site-packages/airflow/operators/python.py", line 199, in execute
    return_value = self.execute_callable()
  File "/home/airflow/.local/lib/python3.8/site-packages/airflow/operators/python.py", line 216, in execute_callable
    return self.python_callable(*self.op_args, **self.op_kwargs)
  File "/opt/airflow/dags/weather_ingestion_dag.py", line 15, in ingest_weather_task
    outpud_dir.mkdir(parents=True,exist_ok=True)
  File "/usr/local/lib/python3.8/pathlib.py", line 1292, in mkdir
    self.parent.mkdir(parents=True, exist_ok=True)
  File "/usr/local/lib/python3.8/pathlib.py", line 1288, in mkdir
    self._accessor.mkdir(self, mode)
PermissionError: [Errno 13] Permission denied: '/opt/airflow/data_lake/raw/weather'
[2026-01-31T11:30:32.636+0000] {taskinstance.py:1138} INFO - Marking task as FAILED. dag_id=weather_raw_ingestion, task_id=fetch_weather_data, execution_date=20260131T113031, start_date=20260131T113032, end_date=20260131T113032
[2026-01-31T11:30:32.649+0000] {standard_task_runner.py:107} ERROR - Failed to execute job 17 for task fetch_weather_data ([Errno 13] Permission denied: '/opt/airflow/data_lake/raw/weather'; 178)
[2026-01-31T11:30:32.693+0000] {local_task_job_runner.py:234} INFO - Task exited with return code 1
[2026-01-31T11:30:32.713+0000] {taskinstance.py:3280} INFO - 0 downstream tasks scheduled from follow-on schedule check
