[2026-01-31T11:23:26.324+0000] {taskinstance.py:1956} INFO - Dependencies all met for dep_context=non-requeueable deps ti=<TaskInstance: weather_raw_ingestion.fetch_weather_data manual__2026-01-31T11:23:25.881447+00:00 [queued]>
[2026-01-31T11:23:26.338+0000] {taskinstance.py:1956} INFO - Dependencies all met for dep_context=requeueable deps ti=<TaskInstance: weather_raw_ingestion.fetch_weather_data manual__2026-01-31T11:23:25.881447+00:00 [queued]>
[2026-01-31T11:23:26.338+0000] {taskinstance.py:2170} INFO - Starting attempt 1 of 1
[2026-01-31T11:23:26.358+0000] {taskinstance.py:2191} INFO - Executing <Task(PythonOperator): fetch_weather_data> on 2026-01-31 11:23:25.881447+00:00
[2026-01-31T11:23:26.363+0000] {standard_task_runner.py:60} INFO - Started process 173 to run task
[2026-01-31T11:23:26.366+0000] {standard_task_runner.py:87} INFO - Running: ['***', 'tasks', 'run', 'weather_raw_ingestion', 'fetch_weather_data', 'manual__2026-01-31T11:23:25.881447+00:00', '--job-id', '13', '--raw', '--subdir', 'DAGS_FOLDER/weather_ingestion_dag.py', '--cfg-path', '/tmp/tmp1glcq8yz']
[2026-01-31T11:23:26.368+0000] {standard_task_runner.py:88} INFO - Job 13: Subtask fetch_weather_data
[2026-01-31T11:23:26.421+0000] {task_command.py:423} INFO - Running <TaskInstance: weather_raw_ingestion.fetch_weather_data manual__2026-01-31T11:23:25.881447+00:00 [running]> on host 1cc0d4dc908b
[2026-01-31T11:23:26.506+0000] {taskinstance.py:2480} INFO - Exporting env vars: AIRFLOW_CTX_DAG_OWNER='***' AIRFLOW_CTX_DAG_ID='weather_raw_ingestion' AIRFLOW_CTX_TASK_ID='fetch_weather_data' AIRFLOW_CTX_EXECUTION_DATE='2026-01-31T11:23:25.881447+00:00' AIRFLOW_CTX_TRY_NUMBER='1' AIRFLOW_CTX_DAG_RUN_ID='manual__2026-01-31T11:23:25.881447+00:00'
[2026-01-31T11:23:26.869+0000] {taskinstance.py:2698} ERROR - Task failed with exception
Traceback (most recent call last):
  File "/usr/local/lib/python3.8/pathlib.py", line 1288, in mkdir
    self._accessor.mkdir(self, mode)
FileNotFoundError: [Errno 2] No such file or directory: "/opt/airflow/data_lack/raw/weather/dt=('2026-01-31',)"

During handling of the above exception, another exception occurred:

Traceback (most recent call last):
  File "/usr/local/lib/python3.8/pathlib.py", line 1288, in mkdir
    self._accessor.mkdir(self, mode)
FileNotFoundError: [Errno 2] No such file or directory: '/opt/airflow/data_lack/raw/weather'

During handling of the above exception, another exception occurred:

Traceback (most recent call last):
  File "/home/airflow/.local/lib/python3.8/site-packages/airflow/models/taskinstance.py", line 433, in _execute_task
    result = execute_callable(context=context, **execute_callable_kwargs)
  File "/home/airflow/.local/lib/python3.8/site-packages/airflow/operators/python.py", line 199, in execute
    return_value = self.execute_callable()
  File "/home/airflow/.local/lib/python3.8/site-packages/airflow/operators/python.py", line 216, in execute_callable
    return self.python_callable(*self.op_args, **self.op_kwargs)
  File "/opt/airflow/dags/weather_ingestion_dag.py", line 15, in ingest_weather_task
    outpud_dir.mkdir(parents=True,exist_ok=True)
  File "/usr/local/lib/python3.8/pathlib.py", line 1292, in mkdir
    self.parent.mkdir(parents=True, exist_ok=True)
  File "/usr/local/lib/python3.8/pathlib.py", line 1292, in mkdir
    self.parent.mkdir(parents=True, exist_ok=True)
  File "/usr/local/lib/python3.8/pathlib.py", line 1288, in mkdir
    self._accessor.mkdir(self, mode)
PermissionError: [Errno 13] Permission denied: '/opt/airflow/data_lack/raw'
[2026-01-31T11:23:26.881+0000] {taskinstance.py:1138} INFO - Marking task as FAILED. dag_id=weather_raw_ingestion, task_id=fetch_weather_data, execution_date=20260131T112325, start_date=20260131T112326, end_date=20260131T112326
[2026-01-31T11:23:26.892+0000] {standard_task_runner.py:107} ERROR - Failed to execute job 13 for task fetch_weather_data ([Errno 13] Permission denied: '/opt/airflow/data_lack/raw'; 173)
[2026-01-31T11:23:26.899+0000] {local_task_job_runner.py:234} INFO - Task exited with return code 1
[2026-01-31T11:23:26.919+0000] {taskinstance.py:3280} INFO - 0 downstream tasks scheduled from follow-on schedule check
